android/build/outputs/logs/manifest-merger-release-report.txt
-- Merging decision tree log ---
manifest
ADDED from src/main/AndroidManifest.xml:2:1-6:12
INJECTED from src/main/AndroidManifest.xml:2:1-6:12
INJECTED from src/main/AndroidManifest.xml:2:1-6:12
INJECTED from src/main/AndroidManifest.xml:2:1-6:12
INJECTED from src/main/AndroidManifest.xml:2:1-6:12
INJECTED from src/main/AndroidManifest.xml:2:1-6:12
INJECTED from src/main/AndroidManifest.xml:2:1-6:12
	package
		ADDED from src/main/AndroidManifest.xml:3:11-37
		INJECTED from src/main/AndroidManifest.xml
		INJECTED from src/main/AndroidManifest.xml
	android:versionName
		INJECTED from src/main/AndroidManifest.xml
		ADDED from src/main/AndroidManifest.xml:2:1-6:12
		INJECTED from src/main/AndroidManifest.xml
	android:versionCode
		INJECTED from src/main/AndroidManifest.xml
		ADDED from src/main/AndroidManifest.xml:2:1-6:12
		INJECTED from src/main/AndroidManifest.xml
	xmlns:android
		ADDED from src/main/AndroidManifest.xml:2:11-69
meta-data#com.google.firebase.messaging.default_notification_icon
ADDED from src/main/AndroidManifest.xml:4:5-137
	android:resource
		ADDED from src/main/AndroidManifest.xml:4:87-134
	android:name
		ADDED from src/main/AndroidManifest.xml:4:16-86
meta-data#com.google.firebase.messaging.default_notification_color
ADDED from src/main/AndroidManifest.xml:5:5-128
	android:resource
		ADDED from src/main/AndroidManifest.xml:5:88-125
	android:name
		ADDED from src/main/AndroidManifest.xml:5:16-87
uses-sdk
INJECTED from src/main/AndroidManifest.xml reason: use-sdk injection requested
INJECTED from src/main/AndroidManifest.xml
INJECTED from src/main/AndroidManifest.xml
INJECTED from src/main/AndroidManifest.xml
INJECTED from src/main/AndroidManifest.xml
	android:targetSdkVersion
		INJECTED from src/main/AndroidManifest.xml
		ADDED from src/main/AndroidManifest.xml
		INJECTED from src/main/AndroidManifest.xml
	android:minSdkVersion
		INJECTED from src/main/AndroidManifest.xml
		ADDED from src/main/AndroidManifest.xml
		INJECTED from src/main/AndroidManifest.xml